<?xml version="1.0" encoding="UTF-8"?>
<!-- Generated by org.testng.reporters.JUnitReportReporter -->
<testsuite skipped="0" hostname="DESKTOP-37JE3F1" name="qaclickacademy.MavenJava.SeleniumTest" tests="2" failures="0" timestamp="2020-09-20T19:48:51 IST" time="0.000" errors="0">
  <testcase name="elementUI" time="0.000" classname="qaclickacademy.MavenJava.SeleniumTest"/>
  <system-out/>
  <testcase name="BrowserAutomation" time="0.000" classname="qaclickacademy.MavenJava.SeleniumTest"/>
  <system-out/>
</testsuite> <!-- qaclickacademy.MavenJava.SeleniumTest -->
