<?xml version="1.0" encoding="UTF-8"?>
<!-- Generated by org.testng.reporters.JUnitReportReporter -->
<testsuite skipped="0" hostname="DESKTOP-37JE3F1" name="qaclickacademy.MavenJava.RESTAPITest" tests="2" failures="0" timestamp="2020-09-20T19:48:51 IST" time="0.002" errors="0">
  <testcase name="deleteTwitter" time="0.001" classname="qaclickacademy.MavenJava.RESTAPITest"/>
  <system-out/>
  <testcase name="postJira" time="0.001" classname="qaclickacademy.MavenJava.RESTAPITest"/>
  <system-out/>
</testsuite> <!-- qaclickacademy.MavenJava.RESTAPITest -->
