<?xml version="1.0" encoding="UTF-8"?>
<!-- Generated by org.testng.reporters.JUnitReportReporter -->
<testsuite skipped="0" hostname="DESKTOP-37JE3F1" name="qaclickacademy.MavenJava.AppTest" tests="1" failures="0" timestamp="2020-09-20T19:48:51 IST" time="0.051" errors="0">
  <testcase name="shouldAnswerWithTrue" time="0.051" classname="qaclickacademy.MavenJava.AppTest"/>
  <system-out/>
</testsuite> <!-- qaclickacademy.MavenJava.AppTest -->
