<?xml version="1.0" encoding="UTF-8"?>
<!-- Generated by org.testng.reporters.JUnitReportReporter -->
<testsuite skipped="0" hostname="DESKTOP-37JE3F1" name="qaclickacademy.MavenJava.AppiumTest" tests="2" failures="0" timestamp="2020-09-20T23:08:39 IST" time="0.000" errors="0">
  <testcase name="iosApps" time="0.000" classname="qaclickacademy.MavenJava.AppiumTest"/>
  <system-out/>
  <testcase name="nativeApps" time="0.000" classname="qaclickacademy.MavenJava.AppiumTest"/>
  <system-out/>
</testsuite> <!-- qaclickacademy.MavenJava.AppiumTest -->
